[2025-10-14T18:06:15.686+0000] {local_task_job_runner.py:120} INFO - ::group::Pre task execution logs
[2025-10-14T18:06:15.708+0000] {taskinstance.py:2076} INFO - Dependencies all met for dep_context=non-requeueable deps ti=<TaskInstance: Airflow_Lab2.data_preprocessing_task manual__2025-10-14T18:06:01.057172+00:00 [queued]>
[2025-10-14T18:06:15.719+0000] {taskinstance.py:2076} INFO - Dependencies all met for dep_context=requeueable deps ti=<TaskInstance: Airflow_Lab2.data_preprocessing_task manual__2025-10-14T18:06:01.057172+00:00 [queued]>
[2025-10-14T18:06:15.720+0000] {taskinstance.py:2306} INFO - Starting attempt 1 of 1
[2025-10-14T18:06:15.733+0000] {taskinstance.py:2330} INFO - Executing <Task(PythonOperator): data_preprocessing_task> on 2025-10-14 18:06:01.057172+00:00
[2025-10-14T18:06:15.755+0000] {warnings.py:112} WARNING - /home/***/.local/lib/python3.12/site-packages/***/task/task_runner/standard_task_runner.py:61: DeprecationWarning: This process (pid=312) is multi-threaded, use of fork() may lead to deadlocks in the child.
  pid = os.fork()

[2025-10-14T18:06:15.760+0000] {standard_task_runner.py:63} INFO - Started process 336 to run task
[2025-10-14T18:06:15.759+0000] {standard_task_runner.py:90} INFO - Running: ['***', 'tasks', 'run', 'Airflow_Lab2', 'data_preprocessing_task', 'manual__2025-10-14T18:06:01.057172+00:00', '--job-id', '44', '--raw', '--subdir', 'DAGS_FOLDER/main.py', '--cfg-path', '/tmp/tmpc9ndo9gv']
[2025-10-14T18:06:15.762+0000] {standard_task_runner.py:91} INFO - Job 44: Subtask data_preprocessing_task
[2025-10-14T18:06:15.967+0000] {task_command.py:426} INFO - Running <TaskInstance: Airflow_Lab2.data_preprocessing_task manual__2025-10-14T18:06:01.057172+00:00 [running]> on host bb4e42c69624
[2025-10-14T18:06:16.293+0000] {taskinstance.py:2648} INFO - Exporting env vars: AIRFLOW_CTX_DAG_OWNER='***' AIRFLOW_CTX_DAG_ID='Airflow_Lab2' AIRFLOW_CTX_TASK_ID='data_preprocessing_task' AIRFLOW_CTX_EXECUTION_DATE='2025-10-14T18:06:01.057172+00:00' AIRFLOW_CTX_TRY_NUMBER='1' AIRFLOW_CTX_DAG_RUN_ID='manual__2025-10-14T18:06:01.057172+00:00'
[2025-10-14T18:06:16.301+0000] {taskinstance.py:430} INFO - ::endgroup::
[2025-10-14T18:06:16.362+0000] {python.py:237} INFO - Done. Returned value was: (array([[  0. ,   1. ,   0. , ..., 232. , 164. ,   0. ],
       [  1. ,   0. ,   1. , ..., 394. , 157. ,   1.2],
       [  1. ,   0. ,   1. , ..., 325. , 154. ,   0. ],
       ...,
       [  1. ,   0. ,   1. , ..., 164. , 145. ,   6.2],
       [  0. ,   1. ,   1. , ..., 282. ,  95. ,   2. ],
       [  1. ,   0. ,   0. , ..., 220. , 152. ,   0. ]]), array([[0.00e+00, 1.00e+00, 1.00e+00, ..., 2.23e+02, 1.81e+02, 0.00e+00],
       [0.00e+00, 1.00e+00, 1.00e+00, ..., 2.47e+02, 1.43e+02, 1.00e-01],
       [0.00e+00, 1.00e+00, 0.00e+00, ..., 2.57e+02, 1.56e+02, 0.00e+00],
       ...,
       [1.00e+00, 0.00e+00, 0.00e+00, ..., 1.98e+02, 1.68e+02, 0.00e+00],
       [1.00e+00, 0.00e+00, 1.00e+00, ..., 2.68e+02, 1.60e+02, 3.60e+00],
       [0.00e+00, 1.00e+00, 1.00e+00, ..., 2.04e+02, 1.56e+02, 1.00e+00]]), array([0, 1, 1, 1, 1, 0, 1, 1, 0, 1, 0, 1, 1, 0, 1, 0, 1, 0, 0, 1, 1, 0,
       1, 1, 0, 0, 1, 1, 1, 1, 1, 1, 1, 1, 1, 1, 0, 1, 1, 1, 1, 1, 0, 1,
       1, 1, 0, 1, 1, 0, 1, 1, 0, 1, 1, 0, 0, 0, 0, 1, 1, 1, 0, 1, 1, 1,
       1, 1, 1, 0, 1, 0, 1, 1, 1, 0, 1, 1, 0, 1, 1, 0, 0, 0, 1, 1, 1, 0,
       0, 1, 0, 1, 0, 1, 1, 1, 0, 1, 0, 1, 0, 0, 0, 1, 1, 0, 1, 1, 1, 0,
       1, 1, 1, 0, 1, 0, 0, 1, 1, 1, 1, 1, 0, 0, 0, 0, 0, 1, 0, 1, 0, 0,
       0, 0, 0, 0, 1, 0, 1, 0, 0, 0, 1, 1, 0, 1, 0, 0, 0, 0, 1, 1, 0, 1,
       1, 0, 1, 0, 0, 1, 1, 0, 0, 0, 0, 0, 1, 1, 0, 0, 0, 0, 1, 1, 0, 0,
       1, 0, 0, 0, 1, 0, 0, 1, 1, 0, 1, 0, 0, 0, 0, 0, 0, 0, 0, 1, 0, 0,
       1, 0, 0, 1, 1, 1, 0, 1, 1, 0, 0, 0, 1, 0, 1, 0, 0, 0, 0, 0, 0, 0,
       1, 1, 0, 1, 0, 0, 1, 0, 1, 0, 1, 0, 0, 1, 0, 1, 1, 0, 0, 0, 0, 1,
       0, 1, 0, 1, 0, 1, 1, 0, 1, 0, 1, 0, 0, 1, 1, 1, 1, 1, 0, 0, 1, 0,
       1, 0, 0, 1, 0, 1, 1, 1, 1, 1, 0, 0, 0, 1, 0, 1, 1, 0, 1, 1, 1, 1,
       1, 0, 0, 0, 1, 1, 0, 1, 1, 1, 0, 0, 1, 1, 0, 0, 1, 1, 1, 1, 1, 0,
       1, 0, 0, 0, 1, 1, 0, 1, 1, 1, 1, 0, 0, 1, 1, 1, 1, 1, 1, 0, 1, 0,
       1, 1, 0, 1, 1, 1, 0, 0, 0, 0, 0, 0, 0, 1, 0, 1, 1, 1, 1, 1, 0, 0,
       0, 1, 1, 1, 0, 1, 1, 0, 1, 1, 1, 1, 1, 0, 1, 0, 1, 1, 0, 0, 1, 1,
       1, 0, 0, 1, 0, 1, 0, 1, 1, 0, 0, 1, 0, 1, 1, 0, 0, 0, 1, 0, 1, 0,
       0, 0, 0, 0, 1, 1, 1, 0, 1, 0, 0, 1, 0, 1, 0, 1, 1, 1, 1, 0, 1, 0,
       1, 0, 0, 0, 1, 1, 0, 1, 0, 0, 1, 1, 1, 0, 0, 1, 0, 0, 0, 0, 0, 0,
       1, 0, 0, 0, 0, 0, 1, 0, 1, 0, 0, 0, 1, 0, 1, 0, 1, 0, 0, 1, 1, 1,
       1, 0, 0, 1, 1, 0, 1, 0, 1, 0, 1, 0, 1, 0, 1, 0, 1, 1, 0, 0, 1, 0,
       0, 0, 1, 0, 1, 1, 0, 0, 0, 0, 1, 0, 0, 0, 1, 1, 0, 0, 1, 1, 1, 1,
       1, 1, 1, 1, 1, 0, 0, 1, 0, 0, 1, 1, 1, 1, 0, 0, 0, 1, 1, 0, 1, 1,
       0, 1, 1, 0, 1, 0, 1, 0, 0, 0, 0, 0, 1, 0, 0, 1, 0, 0, 1, 0, 0, 1,
       1, 0, 1, 0, 1, 1, 0, 1, 0, 1, 1, 1, 0, 0, 1, 0, 0, 1, 0, 0, 0, 0,
       0, 1, 0, 0, 1, 1, 1, 0, 1, 1, 1, 1, 0, 1, 0, 1, 0, 0, 1, 0, 1, 0,
       1, 1, 1, 0, 0, 1, 1, 1, 1, 0, 1, 1, 0, 0, 1, 1, 0, 0, 0, 1, 1, 1,
       1, 0, 1, 0, 0, 1, 1, 0, 0, 1, 0, 1, 1, 0, 0, 0, 0, 1, 0, 1, 0, 0,
       0, 1, 0, 1, 1, 0, 0, 0, 0, 1, 1, 1, 1, 0, 0, 1, 1, 0, 1, 1, 0, 1,
       0, 1, 0, 1, 0, 1, 1, 1, 0, 1, 1, 1, 0, 0, 0, 1, 1, 0, 0, 1, 0, 1,
       0, 1, 1, 1, 1, 0, 1, 1, 0, 0, 1, 0, 1, 1, 0, 1, 0, 0, 0, 0, 0, 0,
       1, 0, 0, 1, 1, 1, 0, 1, 1, 0, 0, 0, 1]), array([0, 0, 1, 1, 1, 1, 0, 1, 0, 1, 1, 0, 0, 1, 1, 0, 1, 0, 1, 0, 1, 1,
       1, 1, 1, 0, 1, 0, 0, 0, 0, 0, 0, 1, 1, 1, 0, 1, 1, 0, 1, 1, 0, 0,
       1, 0, 0, 0, 1, 0, 1, 1, 1, 1, 1, 0, 0, 1, 1, 1, 1, 0, 1, 1, 1, 0,
       1, 0, 0, 0, 1, 1, 0, 1, 0, 1, 1, 1, 1, 0, 1, 1, 1, 1, 0, 0, 1, 0,
       1, 0, 1, 1, 0, 0, 1, 1, 0, 1, 1, 1, 1, 0, 1, 0, 0, 0, 1, 0, 0, 0,
       1, 0, 1, 1, 1, 0, 0, 0, 1, 1, 0, 0, 0, 1, 0, 0, 1, 0, 1, 1, 1, 1,
       0, 1, 1, 0, 1, 1, 1, 0, 1, 0, 1, 1, 1, 0, 0, 1, 0, 0, 0, 1, 1, 0,
       0, 0, 1, 0, 0, 0, 1, 1, 1, 0, 1, 0, 0, 0, 0, 1, 1, 0, 1, 0, 1, 1,
       0, 0, 0, 0, 1, 0, 0, 0, 0, 0, 0, 0, 0, 0, 0, 0, 1, 1, 0, 1, 0, 1,
       0, 0, 0, 1, 0, 0, 0, 1, 0, 0, 1, 0, 1, 1, 1, 1, 0, 1, 1, 0, 0, 1,
       0, 1, 1, 1, 0, 0, 0, 1, 0, 0, 1, 1, 1, 0, 1, 0, 1, 1, 1, 1, 0, 0,
       1, 0, 0, 1, 0, 1, 0, 0, 1, 0, 0, 1, 0, 1, 0, 1, 0, 1, 1, 0, 1, 0,
       0, 1, 1, 0, 1, 1, 1, 0, 0, 0, 0, 1, 1, 0, 0, 0, 1, 1, 1, 0, 1, 0,
       0, 1, 0, 1, 1, 1, 1, 1, 0, 0, 0, 1, 1, 0, 1, 1, 1, 1, 1, 1, 0, 0]), ColumnTransformer(remainder='passthrough',
                  transformers=[('cat', OneHotEncoder(handle_unknown='ignore'),
                                 ['sex', 'cp', 'fbs', 'restecg', 'exang',
                                  'slope', 'ca', 'thal'])]))
[2025-10-14T18:06:16.368+0000] {taskinstance.py:441} INFO - ::group::Post task execution logs
[2025-10-14T18:06:16.401+0000] {taskinstance.py:1206} INFO - Marking task as SUCCESS. dag_id=Airflow_Lab2, task_id=data_preprocessing_task, run_id=manual__2025-10-14T18:06:01.057172+00:00, execution_date=20251014T180601, start_date=20251014T180615, end_date=20251014T180616
[2025-10-14T18:06:16.446+0000] {local_task_job_runner.py:240} INFO - Task exited with return code 0
[2025-10-14T18:06:16.470+0000] {taskinstance.py:3503} INFO - 1 downstream tasks scheduled from follow-on schedule check
[2025-10-14T18:06:16.473+0000] {local_task_job_runner.py:222} INFO - ::endgroup::
