[2025-10-15T01:47:00.777+0000] {processor.py:161} INFO - Started process (PID=17331) to work on /opt/airflow/dags/Flask_API.py
[2025-10-15T01:47:00.779+0000] {processor.py:830} INFO - Processing file /opt/airflow/dags/Flask_API.py for tasks to queue
[2025-10-15T01:47:00.781+0000] {logging_mixin.py:188} INFO - [2025-10-15T01:47:00.780+0000] {dagbag.py:545} INFO - Filling up the DagBag from /opt/airflow/dags/Flask_API.py
[2025-10-15T01:47:00.869+0000] {processor.py:840} INFO - DAG(s) 'Airflow_Lab2_Flask' retrieved from /opt/airflow/dags/Flask_API.py
[2025-10-15T01:47:01.099+0000] {logging_mixin.py:188} INFO - [2025-10-15T01:47:01.098+0000] {dag.py:3096} INFO - Sync 1 DAGs
[2025-10-15T01:47:01.125+0000] {logging_mixin.py:188} INFO - [2025-10-15T01:47:01.125+0000] {dag.py:3954} INFO - Setting next_dagrun for Airflow_Lab2_Flask to None, run_after=None
[2025-10-15T01:47:01.219+0000] {processor.py:183} INFO - Processing /opt/airflow/dags/Flask_API.py took 0.461 seconds
[2025-10-15T01:47:32.159+0000] {processor.py:161} INFO - Started process (PID=17360) to work on /opt/airflow/dags/Flask_API.py
[2025-10-15T01:47:32.160+0000] {processor.py:830} INFO - Processing file /opt/airflow/dags/Flask_API.py for tasks to queue
[2025-10-15T01:47:32.162+0000] {logging_mixin.py:188} INFO - [2025-10-15T01:47:32.162+0000] {dagbag.py:545} INFO - Filling up the DagBag from /opt/airflow/dags/Flask_API.py
[2025-10-15T01:47:32.211+0000] {processor.py:840} INFO - DAG(s) 'Airflow_Lab2_Flask' retrieved from /opt/airflow/dags/Flask_API.py
[2025-10-15T01:47:32.342+0000] {logging_mixin.py:188} INFO - [2025-10-15T01:47:32.342+0000] {dag.py:3096} INFO - Sync 1 DAGs
[2025-10-15T01:47:32.355+0000] {logging_mixin.py:188} INFO - [2025-10-15T01:47:32.355+0000] {dag.py:3954} INFO - Setting next_dagrun for Airflow_Lab2_Flask to None, run_after=None
[2025-10-15T01:47:32.549+0000] {processor.py:183} INFO - Processing /opt/airflow/dags/Flask_API.py took 0.400 seconds
[2025-10-15T01:48:02.981+0000] {processor.py:161} INFO - Started process (PID=17390) to work on /opt/airflow/dags/Flask_API.py
[2025-10-15T01:48:02.982+0000] {processor.py:830} INFO - Processing file /opt/airflow/dags/Flask_API.py for tasks to queue
[2025-10-15T01:48:02.983+0000] {logging_mixin.py:188} INFO - [2025-10-15T01:48:02.983+0000] {dagbag.py:545} INFO - Filling up the DagBag from /opt/airflow/dags/Flask_API.py
[2025-10-15T01:48:03.023+0000] {processor.py:840} INFO - DAG(s) 'Airflow_Lab2_Flask' retrieved from /opt/airflow/dags/Flask_API.py
[2025-10-15T01:48:03.152+0000] {logging_mixin.py:188} INFO - [2025-10-15T01:48:03.152+0000] {dag.py:3096} INFO - Sync 1 DAGs
[2025-10-15T01:48:03.332+0000] {logging_mixin.py:188} INFO - [2025-10-15T01:48:03.331+0000] {dag.py:3954} INFO - Setting next_dagrun for Airflow_Lab2_Flask to None, run_after=None
[2025-10-15T01:48:03.350+0000] {processor.py:183} INFO - Processing /opt/airflow/dags/Flask_API.py took 0.376 seconds
[2025-10-15T01:48:33.799+0000] {processor.py:161} INFO - Started process (PID=17420) to work on /opt/airflow/dags/Flask_API.py
[2025-10-15T01:48:33.801+0000] {processor.py:830} INFO - Processing file /opt/airflow/dags/Flask_API.py for tasks to queue
[2025-10-15T01:48:33.803+0000] {logging_mixin.py:188} INFO - [2025-10-15T01:48:33.803+0000] {dagbag.py:545} INFO - Filling up the DagBag from /opt/airflow/dags/Flask_API.py
[2025-10-15T01:48:33.861+0000] {processor.py:840} INFO - DAG(s) 'Airflow_Lab2_Flask' retrieved from /opt/airflow/dags/Flask_API.py
[2025-10-15T01:48:33.995+0000] {logging_mixin.py:188} INFO - [2025-10-15T01:48:33.994+0000] {dag.py:3096} INFO - Sync 1 DAGs
[2025-10-15T01:48:34.009+0000] {logging_mixin.py:188} INFO - [2025-10-15T01:48:34.008+0000] {dag.py:3954} INFO - Setting next_dagrun for Airflow_Lab2_Flask to None, run_after=None
[2025-10-15T01:48:34.034+0000] {processor.py:183} INFO - Processing /opt/airflow/dags/Flask_API.py took 0.249 seconds
[2025-10-15T01:49:04.484+0000] {processor.py:161} INFO - Started process (PID=17450) to work on /opt/airflow/dags/Flask_API.py
[2025-10-15T01:49:04.486+0000] {processor.py:830} INFO - Processing file /opt/airflow/dags/Flask_API.py for tasks to queue
[2025-10-15T01:49:04.488+0000] {logging_mixin.py:188} INFO - [2025-10-15T01:49:04.488+0000] {dagbag.py:545} INFO - Filling up the DagBag from /opt/airflow/dags/Flask_API.py
[2025-10-15T01:49:04.539+0000] {processor.py:840} INFO - DAG(s) 'Airflow_Lab2_Flask' retrieved from /opt/airflow/dags/Flask_API.py
[2025-10-15T01:49:04.694+0000] {logging_mixin.py:188} INFO - [2025-10-15T01:49:04.694+0000] {dag.py:3096} INFO - Sync 1 DAGs
[2025-10-15T01:49:04.711+0000] {logging_mixin.py:188} INFO - [2025-10-15T01:49:04.710+0000] {dag.py:3954} INFO - Setting next_dagrun for Airflow_Lab2_Flask to None, run_after=None
[2025-10-15T01:49:04.743+0000] {processor.py:183} INFO - Processing /opt/airflow/dags/Flask_API.py took 0.269 seconds
[2025-10-15T01:49:35.240+0000] {processor.py:161} INFO - Started process (PID=17480) to work on /opt/airflow/dags/Flask_API.py
[2025-10-15T01:49:35.242+0000] {processor.py:830} INFO - Processing file /opt/airflow/dags/Flask_API.py for tasks to queue
[2025-10-15T01:49:35.245+0000] {logging_mixin.py:188} INFO - [2025-10-15T01:49:35.244+0000] {dagbag.py:545} INFO - Filling up the DagBag from /opt/airflow/dags/Flask_API.py
[2025-10-15T01:49:35.294+0000] {processor.py:840} INFO - DAG(s) 'Airflow_Lab2_Flask' retrieved from /opt/airflow/dags/Flask_API.py
[2025-10-15T01:49:35.424+0000] {logging_mixin.py:188} INFO - [2025-10-15T01:49:35.424+0000] {dag.py:3096} INFO - Sync 1 DAGs
[2025-10-15T01:49:35.436+0000] {logging_mixin.py:188} INFO - [2025-10-15T01:49:35.436+0000] {dag.py:3954} INFO - Setting next_dagrun for Airflow_Lab2_Flask to None, run_after=None
[2025-10-15T01:49:35.460+0000] {processor.py:183} INFO - Processing /opt/airflow/dags/Flask_API.py took 0.229 seconds
[2025-10-15T01:50:05.623+0000] {processor.py:161} INFO - Started process (PID=17511) to work on /opt/airflow/dags/Flask_API.py
[2025-10-15T01:50:05.624+0000] {processor.py:830} INFO - Processing file /opt/airflow/dags/Flask_API.py for tasks to queue
[2025-10-15T01:50:05.626+0000] {logging_mixin.py:188} INFO - [2025-10-15T01:50:05.625+0000] {dagbag.py:545} INFO - Filling up the DagBag from /opt/airflow/dags/Flask_API.py
[2025-10-15T01:50:05.670+0000] {processor.py:840} INFO - DAG(s) 'Airflow_Lab2_Flask' retrieved from /opt/airflow/dags/Flask_API.py
[2025-10-15T01:50:05.799+0000] {logging_mixin.py:188} INFO - [2025-10-15T01:50:05.798+0000] {dag.py:3096} INFO - Sync 1 DAGs
[2025-10-15T01:50:05.810+0000] {logging_mixin.py:188} INFO - [2025-10-15T01:50:05.810+0000] {dag.py:3954} INFO - Setting next_dagrun for Airflow_Lab2_Flask to None, run_after=None
[2025-10-15T01:50:05.841+0000] {processor.py:183} INFO - Processing /opt/airflow/dags/Flask_API.py took 0.224 seconds
[2025-10-15T01:50:36.261+0000] {processor.py:161} INFO - Started process (PID=17541) to work on /opt/airflow/dags/Flask_API.py
[2025-10-15T01:50:36.263+0000] {processor.py:830} INFO - Processing file /opt/airflow/dags/Flask_API.py for tasks to queue
[2025-10-15T01:50:36.265+0000] {logging_mixin.py:188} INFO - [2025-10-15T01:50:36.265+0000] {dagbag.py:545} INFO - Filling up the DagBag from /opt/airflow/dags/Flask_API.py
[2025-10-15T01:50:36.327+0000] {processor.py:840} INFO - DAG(s) 'Airflow_Lab2_Flask' retrieved from /opt/airflow/dags/Flask_API.py
[2025-10-15T01:50:36.495+0000] {logging_mixin.py:188} INFO - [2025-10-15T01:50:36.494+0000] {dag.py:3096} INFO - Sync 1 DAGs
[2025-10-15T01:50:36.728+0000] {logging_mixin.py:188} INFO - [2025-10-15T01:50:36.727+0000] {dag.py:3954} INFO - Setting next_dagrun for Airflow_Lab2_Flask to None, run_after=None
[2025-10-15T01:50:36.768+0000] {processor.py:183} INFO - Processing /opt/airflow/dags/Flask_API.py took 0.520 seconds
[2025-10-15T01:51:07.263+0000] {processor.py:161} INFO - Started process (PID=17571) to work on /opt/airflow/dags/Flask_API.py
[2025-10-15T01:51:07.264+0000] {processor.py:830} INFO - Processing file /opt/airflow/dags/Flask_API.py for tasks to queue
[2025-10-15T01:51:07.266+0000] {logging_mixin.py:188} INFO - [2025-10-15T01:51:07.265+0000] {dagbag.py:545} INFO - Filling up the DagBag from /opt/airflow/dags/Flask_API.py
[2025-10-15T01:51:07.326+0000] {processor.py:840} INFO - DAG(s) 'Airflow_Lab2_Flask' retrieved from /opt/airflow/dags/Flask_API.py
[2025-10-15T01:51:07.687+0000] {logging_mixin.py:188} INFO - [2025-10-15T01:51:07.686+0000] {dag.py:3096} INFO - Sync 1 DAGs
[2025-10-15T01:51:07.705+0000] {logging_mixin.py:188} INFO - [2025-10-15T01:51:07.704+0000] {dag.py:3954} INFO - Setting next_dagrun for Airflow_Lab2_Flask to None, run_after=None
[2025-10-15T01:51:07.747+0000] {processor.py:183} INFO - Processing /opt/airflow/dags/Flask_API.py took 0.495 seconds
[2025-10-15T01:51:38.235+0000] {processor.py:161} INFO - Started process (PID=17601) to work on /opt/airflow/dags/Flask_API.py
[2025-10-15T01:51:38.238+0000] {processor.py:830} INFO - Processing file /opt/airflow/dags/Flask_API.py for tasks to queue
[2025-10-15T01:51:38.240+0000] {logging_mixin.py:188} INFO - [2025-10-15T01:51:38.239+0000] {dagbag.py:545} INFO - Filling up the DagBag from /opt/airflow/dags/Flask_API.py
[2025-10-15T01:51:38.306+0000] {processor.py:840} INFO - DAG(s) 'Airflow_Lab2_Flask' retrieved from /opt/airflow/dags/Flask_API.py
[2025-10-15T01:51:38.469+0000] {logging_mixin.py:188} INFO - [2025-10-15T01:51:38.468+0000] {dag.py:3096} INFO - Sync 1 DAGs
[2025-10-15T01:51:38.483+0000] {logging_mixin.py:188} INFO - [2025-10-15T01:51:38.483+0000] {dag.py:3954} INFO - Setting next_dagrun for Airflow_Lab2_Flask to None, run_after=None
[2025-10-15T01:51:38.521+0000] {processor.py:183} INFO - Processing /opt/airflow/dags/Flask_API.py took 0.298 seconds
