[2025-10-15T01:47:00.753+0000] {processor.py:161} INFO - Started process (PID=17330) to work on /opt/airflow/dags/main.py
[2025-10-15T01:47:00.756+0000] {processor.py:830} INFO - Processing file /opt/airflow/dags/main.py for tasks to queue
[2025-10-15T01:47:00.759+0000] {logging_mixin.py:188} INFO - [2025-10-15T01:47:00.758+0000] {dagbag.py:545} INFO - Filling up the DagBag from /opt/airflow/dags/main.py
[2025-10-15T01:47:02.661+0000] {processor.py:840} INFO - DAG(s) 'Airflow_Lab2' retrieved from /opt/airflow/dags/main.py
[2025-10-15T01:47:02.750+0000] {logging_mixin.py:188} INFO - [2025-10-15T01:47:02.749+0000] {dag.py:3096} INFO - Sync 1 DAGs
[2025-10-15T01:47:02.769+0000] {logging_mixin.py:188} INFO - [2025-10-15T01:47:02.769+0000] {dag.py:3954} INFO - Setting next_dagrun for Airflow_Lab2 to 2025-10-16 00:00:00+00:00, run_after=2025-10-17 00:00:00+00:00
[2025-10-15T01:47:02.810+0000] {processor.py:183} INFO - Processing /opt/airflow/dags/main.py took 2.071 seconds
[2025-10-15T01:47:33.218+0000] {processor.py:161} INFO - Started process (PID=17361) to work on /opt/airflow/dags/main.py
[2025-10-15T01:47:33.221+0000] {processor.py:830} INFO - Processing file /opt/airflow/dags/main.py for tasks to queue
[2025-10-15T01:47:33.223+0000] {logging_mixin.py:188} INFO - [2025-10-15T01:47:33.223+0000] {dagbag.py:545} INFO - Filling up the DagBag from /opt/airflow/dags/main.py
[2025-10-15T01:47:34.996+0000] {processor.py:840} INFO - DAG(s) 'Airflow_Lab2' retrieved from /opt/airflow/dags/main.py
[2025-10-15T01:47:35.093+0000] {logging_mixin.py:188} INFO - [2025-10-15T01:47:35.093+0000] {dag.py:3096} INFO - Sync 1 DAGs
[2025-10-15T01:47:35.112+0000] {logging_mixin.py:188} INFO - [2025-10-15T01:47:35.112+0000] {dag.py:3954} INFO - Setting next_dagrun for Airflow_Lab2 to 2025-10-16 00:00:00+00:00, run_after=2025-10-17 00:00:00+00:00
[2025-10-15T01:47:35.148+0000] {processor.py:183} INFO - Processing /opt/airflow/dags/main.py took 1.940 seconds
[2025-10-15T01:48:05.470+0000] {processor.py:161} INFO - Started process (PID=17391) to work on /opt/airflow/dags/main.py
[2025-10-15T01:48:05.471+0000] {processor.py:830} INFO - Processing file /opt/airflow/dags/main.py for tasks to queue
[2025-10-15T01:48:05.474+0000] {logging_mixin.py:188} INFO - [2025-10-15T01:48:05.473+0000] {dagbag.py:545} INFO - Filling up the DagBag from /opt/airflow/dags/main.py
[2025-10-15T01:48:07.174+0000] {processor.py:840} INFO - DAG(s) 'Airflow_Lab2' retrieved from /opt/airflow/dags/main.py
[2025-10-15T01:48:07.307+0000] {logging_mixin.py:188} INFO - [2025-10-15T01:48:07.306+0000] {dag.py:3096} INFO - Sync 1 DAGs
[2025-10-15T01:48:07.328+0000] {logging_mixin.py:188} INFO - [2025-10-15T01:48:07.327+0000] {dag.py:3954} INFO - Setting next_dagrun for Airflow_Lab2 to 2025-10-16 00:00:00+00:00, run_after=2025-10-17 00:00:00+00:00
[2025-10-15T01:48:07.358+0000] {processor.py:183} INFO - Processing /opt/airflow/dags/main.py took 1.904 seconds
[2025-10-15T01:48:37.854+0000] {processor.py:161} INFO - Started process (PID=17421) to work on /opt/airflow/dags/main.py
[2025-10-15T01:48:37.856+0000] {processor.py:830} INFO - Processing file /opt/airflow/dags/main.py for tasks to queue
[2025-10-15T01:48:37.858+0000] {logging_mixin.py:188} INFO - [2025-10-15T01:48:37.857+0000] {dagbag.py:545} INFO - Filling up the DagBag from /opt/airflow/dags/main.py
[2025-10-15T01:48:39.357+0000] {processor.py:840} INFO - DAG(s) 'Airflow_Lab2' retrieved from /opt/airflow/dags/main.py
[2025-10-15T01:48:39.461+0000] {logging_mixin.py:188} INFO - [2025-10-15T01:48:39.461+0000] {dag.py:3096} INFO - Sync 1 DAGs
[2025-10-15T01:48:39.486+0000] {logging_mixin.py:188} INFO - [2025-10-15T01:48:39.486+0000] {dag.py:3954} INFO - Setting next_dagrun for Airflow_Lab2 to 2025-10-16 00:00:00+00:00, run_after=2025-10-17 00:00:00+00:00
[2025-10-15T01:48:39.522+0000] {processor.py:183} INFO - Processing /opt/airflow/dags/main.py took 1.675 seconds
[2025-10-15T01:49:09.888+0000] {processor.py:161} INFO - Started process (PID=17451) to work on /opt/airflow/dags/main.py
[2025-10-15T01:49:09.890+0000] {processor.py:830} INFO - Processing file /opt/airflow/dags/main.py for tasks to queue
[2025-10-15T01:49:09.892+0000] {logging_mixin.py:188} INFO - [2025-10-15T01:49:09.891+0000] {dagbag.py:545} INFO - Filling up the DagBag from /opt/airflow/dags/main.py
[2025-10-15T01:49:11.247+0000] {processor.py:840} INFO - DAG(s) 'Airflow_Lab2' retrieved from /opt/airflow/dags/main.py
[2025-10-15T01:49:11.346+0000] {logging_mixin.py:188} INFO - [2025-10-15T01:49:11.346+0000] {dag.py:3096} INFO - Sync 1 DAGs
[2025-10-15T01:49:11.362+0000] {logging_mixin.py:188} INFO - [2025-10-15T01:49:11.362+0000] {dag.py:3954} INFO - Setting next_dagrun for Airflow_Lab2 to 2025-10-16 00:00:00+00:00, run_after=2025-10-17 00:00:00+00:00
[2025-10-15T01:49:11.387+0000] {processor.py:183} INFO - Processing /opt/airflow/dags/main.py took 1.513 seconds
[2025-10-15T01:49:41.627+0000] {processor.py:161} INFO - Started process (PID=17481) to work on /opt/airflow/dags/main.py
[2025-10-15T01:49:41.628+0000] {processor.py:830} INFO - Processing file /opt/airflow/dags/main.py for tasks to queue
[2025-10-15T01:49:41.630+0000] {logging_mixin.py:188} INFO - [2025-10-15T01:49:41.630+0000] {dagbag.py:545} INFO - Filling up the DagBag from /opt/airflow/dags/main.py
[2025-10-15T01:49:43.146+0000] {processor.py:840} INFO - DAG(s) 'Airflow_Lab2' retrieved from /opt/airflow/dags/main.py
[2025-10-15T01:49:43.239+0000] {logging_mixin.py:188} INFO - [2025-10-15T01:49:43.239+0000] {dag.py:3096} INFO - Sync 1 DAGs
[2025-10-15T01:49:43.255+0000] {logging_mixin.py:188} INFO - [2025-10-15T01:49:43.255+0000] {dag.py:3954} INFO - Setting next_dagrun for Airflow_Lab2 to 2025-10-16 00:00:00+00:00, run_after=2025-10-17 00:00:00+00:00
[2025-10-15T01:49:43.278+0000] {processor.py:183} INFO - Processing /opt/airflow/dags/main.py took 1.661 seconds
[2025-10-15T01:50:13.753+0000] {processor.py:161} INFO - Started process (PID=17512) to work on /opt/airflow/dags/main.py
[2025-10-15T01:50:13.754+0000] {processor.py:830} INFO - Processing file /opt/airflow/dags/main.py for tasks to queue
[2025-10-15T01:50:13.757+0000] {logging_mixin.py:188} INFO - [2025-10-15T01:50:13.756+0000] {dagbag.py:545} INFO - Filling up the DagBag from /opt/airflow/dags/main.py
[2025-10-15T01:50:15.395+0000] {processor.py:840} INFO - DAG(s) 'Airflow_Lab2' retrieved from /opt/airflow/dags/main.py
[2025-10-15T01:50:15.494+0000] {logging_mixin.py:188} INFO - [2025-10-15T01:50:15.494+0000] {dag.py:3096} INFO - Sync 1 DAGs
[2025-10-15T01:50:15.513+0000] {logging_mixin.py:188} INFO - [2025-10-15T01:50:15.513+0000] {dag.py:3954} INFO - Setting next_dagrun for Airflow_Lab2 to 2025-10-16 00:00:00+00:00, run_after=2025-10-17 00:00:00+00:00
[2025-10-15T01:50:15.537+0000] {processor.py:183} INFO - Processing /opt/airflow/dags/main.py took 1.795 seconds
[2025-10-15T01:50:45.931+0000] {processor.py:161} INFO - Started process (PID=17542) to work on /opt/airflow/dags/main.py
[2025-10-15T01:50:45.932+0000] {processor.py:830} INFO - Processing file /opt/airflow/dags/main.py for tasks to queue
[2025-10-15T01:50:45.934+0000] {logging_mixin.py:188} INFO - [2025-10-15T01:50:45.934+0000] {dagbag.py:545} INFO - Filling up the DagBag from /opt/airflow/dags/main.py
[2025-10-15T01:50:47.773+0000] {processor.py:840} INFO - DAG(s) 'Airflow_Lab2' retrieved from /opt/airflow/dags/main.py
[2025-10-15T01:50:47.923+0000] {logging_mixin.py:188} INFO - [2025-10-15T01:50:47.922+0000] {dag.py:3096} INFO - Sync 1 DAGs
[2025-10-15T01:50:47.955+0000] {logging_mixin.py:188} INFO - [2025-10-15T01:50:47.955+0000] {dag.py:3954} INFO - Setting next_dagrun for Airflow_Lab2 to 2025-10-16 00:00:00+00:00, run_after=2025-10-17 00:00:00+00:00
[2025-10-15T01:50:48.000+0000] {processor.py:183} INFO - Processing /opt/airflow/dags/main.py took 2.081 seconds
[2025-10-15T01:51:18.485+0000] {processor.py:161} INFO - Started process (PID=17572) to work on /opt/airflow/dags/main.py
[2025-10-15T01:51:18.487+0000] {processor.py:830} INFO - Processing file /opt/airflow/dags/main.py for tasks to queue
[2025-10-15T01:51:18.488+0000] {logging_mixin.py:188} INFO - [2025-10-15T01:51:18.488+0000] {dagbag.py:545} INFO - Filling up the DagBag from /opt/airflow/dags/main.py
[2025-10-15T01:51:20.156+0000] {processor.py:840} INFO - DAG(s) 'Airflow_Lab2' retrieved from /opt/airflow/dags/main.py
[2025-10-15T01:51:20.278+0000] {logging_mixin.py:188} INFO - [2025-10-15T01:51:20.278+0000] {dag.py:3096} INFO - Sync 1 DAGs
[2025-10-15T01:51:20.298+0000] {logging_mixin.py:188} INFO - [2025-10-15T01:51:20.298+0000] {dag.py:3954} INFO - Setting next_dagrun for Airflow_Lab2 to 2025-10-16 00:00:00+00:00, run_after=2025-10-17 00:00:00+00:00
[2025-10-15T01:51:20.332+0000] {processor.py:183} INFO - Processing /opt/airflow/dags/main.py took 1.857 seconds
[2025-10-15T01:51:50.759+0000] {processor.py:161} INFO - Started process (PID=17609) to work on /opt/airflow/dags/main.py
[2025-10-15T01:51:50.760+0000] {processor.py:830} INFO - Processing file /opt/airflow/dags/main.py for tasks to queue
[2025-10-15T01:51:50.763+0000] {logging_mixin.py:188} INFO - [2025-10-15T01:51:50.762+0000] {dagbag.py:545} INFO - Filling up the DagBag from /opt/airflow/dags/main.py
[2025-10-15T01:51:52.384+0000] {processor.py:840} INFO - DAG(s) 'Airflow_Lab2' retrieved from /opt/airflow/dags/main.py
[2025-10-15T01:51:52.501+0000] {logging_mixin.py:188} INFO - [2025-10-15T01:51:52.501+0000] {dag.py:3096} INFO - Sync 1 DAGs
[2025-10-15T01:51:52.519+0000] {logging_mixin.py:188} INFO - [2025-10-15T01:51:52.519+0000] {dag.py:3954} INFO - Setting next_dagrun for Airflow_Lab2 to 2025-10-16 00:00:00+00:00, run_after=2025-10-17 00:00:00+00:00
[2025-10-15T01:51:52.551+0000] {processor.py:183} INFO - Processing /opt/airflow/dags/main.py took 1.791 seconds
[2025-10-15T01:52:22.752+0000] {processor.py:161} INFO - Started process (PID=17639) to work on /opt/airflow/dags/main.py
[2025-10-15T01:52:22.754+0000] {processor.py:830} INFO - Processing file /opt/airflow/dags/main.py for tasks to queue
[2025-10-15T01:52:22.755+0000] {logging_mixin.py:188} INFO - [2025-10-15T01:52:22.755+0000] {dagbag.py:545} INFO - Filling up the DagBag from /opt/airflow/dags/main.py
[2025-10-15T01:52:24.464+0000] {processor.py:840} INFO - DAG(s) 'Airflow_Lab2' retrieved from /opt/airflow/dags/main.py
[2025-10-15T01:52:24.590+0000] {logging_mixin.py:188} INFO - [2025-10-15T01:52:24.590+0000] {dag.py:3096} INFO - Sync 1 DAGs
[2025-10-15T01:52:24.616+0000] {logging_mixin.py:188} INFO - [2025-10-15T01:52:24.615+0000] {dag.py:3954} INFO - Setting next_dagrun for Airflow_Lab2 to 2025-10-16 00:00:00+00:00, run_after=2025-10-17 00:00:00+00:00
[2025-10-15T01:52:24.651+0000] {processor.py:183} INFO - Processing /opt/airflow/dags/main.py took 1.908 seconds
[2025-10-15T01:52:55.112+0000] {processor.py:161} INFO - Started process (PID=17669) to work on /opt/airflow/dags/main.py
[2025-10-15T01:52:55.113+0000] {processor.py:830} INFO - Processing file /opt/airflow/dags/main.py for tasks to queue
[2025-10-15T01:52:55.114+0000] {logging_mixin.py:188} INFO - [2025-10-15T01:52:55.114+0000] {dagbag.py:545} INFO - Filling up the DagBag from /opt/airflow/dags/main.py
[2025-10-15T01:52:56.531+0000] {processor.py:840} INFO - DAG(s) 'Airflow_Lab2' retrieved from /opt/airflow/dags/main.py
[2025-10-15T01:52:56.638+0000] {logging_mixin.py:188} INFO - [2025-10-15T01:52:56.637+0000] {dag.py:3096} INFO - Sync 1 DAGs
[2025-10-15T01:52:56.662+0000] {logging_mixin.py:188} INFO - [2025-10-15T01:52:56.662+0000] {dag.py:3954} INFO - Setting next_dagrun for Airflow_Lab2 to 2025-10-16 00:00:00+00:00, run_after=2025-10-17 00:00:00+00:00
[2025-10-15T01:52:56.692+0000] {processor.py:183} INFO - Processing /opt/airflow/dags/main.py took 1.587 seconds
